FHIR IG Publisher Version 1.8.10 (Git# dc36d776e982). Built 2025-01-30T20:00:09.932Z (69 hours old)
Detected Java version: 23-ea from /usr/local/openjdk-23 on amd64 (64bit). 4096MB available
dir = /workspace, path = /home/publisher/bin:/home/publisher/bin/ig-publisher-scripts:/home/publisher/.node/bin:/usr/local/openjdk-23/bin:/usr/local/sbin:/usr/local/bin:/usr/sbin:/usr/bin:/sbin:/bin
Parameters: -go-publish -package-cache-folder /workspace/fhir-package-cache -source /workspace/source -web /workspace/webroot -temp /workspace/temp -registry /workspace/ig-registry/fhir-ig-list.json -history /workspace/history-template -templates /workspace/webroot/templates
---------------
Publication Run: publish /workspace/source to /workspace/webroot
Run Number: 3
Relative directory for IG is '/dak-immz'
===== Web Publication Run Details ===============================
 Source IG: smart.who.int.dak-immz#1.0.0 : http://smart.who.int/dak-immz (R4) from /workspace/source
All checks passed. Do the publication build from /workspace/source and publish to /workspace/temp/web-root/run-20250202/dak-immz
Prepare Build space in /workspace/temp/smart.who.int.dak-immz#1.0.0
Build IG at /workspace/source: final copy suitable for publication (in /workspace/temp/smart.who.int.dak-immz#1.0.0)
FHIR IG Publisher Version 1.8.10 (Git# dc36d776e982). Built 2025-01-30T20:00:09.932Z (69 hours old) 
Detected Java version: 23-ea from /usr/local/openjdk-23 on Linux/amd64 (64bit). 4096MB available    
dir = /workspace, path = /home/publisher/bin:/home/publisher/bin/ig-publisher-scripts:/home/publisher/.node/bin:/usr/local/openjdk-23/bin:/usr/local/sbin:/usr/local/bin:/usr/sbin:/usr/bin:/sbin:/bin
Parameters: -ig /workspace/temp/smart.who.int.dak-immz#1.0.0 -resetTx -publish http://smart.who.int/dak-immz/v1.0.0 -no-exit
Start Clock @ Sunday, February 2, 2025, 5:47:21 PM Coordinated Universal Time (2025-02-02T17:47:21Z)
                                                                                                    
Build FHIR IG from /workspace/temp/smart.who.int.dak-immz#1.0.0                                      (00:00.027 / 00:00.028, 47Mb)
Build Formal Publication package, intended for http://smart.who.int/dak-immz/v1.0.0                  (00:00.003 / 00:00.031, 47Mb)
API keys loaded from /home/publisher/.fhir/fhir-settings.json                                        (00:00.001 / 00:00.032, 47Mb)
Package Cache: /home/publisher/.fhir/packages                                                        (00:00.004 / 00:00.036, 47Mb)
Run Sushi on /workspace/temp/smart.who.int.dak-immz#1.0.0                                            (00:00.002 / 00:00.038, 47Mb)
Sushi: info  Running SUSHI v3.14.0 (implements FHIR Shorthand specification v3.0.0)                  (00:00.453 / 00:00.491, 49Mb)
Sushi: info  Arguments:                                                                              (00:00.001 / 00:00.492, 49Mb)
Sushi: info    --require-latest                                                                      (00:00.001 / 00:00.494, 49Mb)
Sushi: info    --out /workspace/temp/smart.who.int.dak-immz#1.0.0                                    (00:00.001 / 00:00.495, 49Mb)
Sushi: info    /workspace/temp/smart.who.int.dak-immz#1.0.0                                          (00:00.000 / 00:00.496, 49Mb)
Sushi: info  Using configuration file: /workspace/temp/smart.who.int.dak-immz#1.0.0/sushi-config.yaml (00:00.389 / 00:00.885, 49Mb)
Sushi: info  Importing FSH text...                                                                   (00:00.109 / 00:00.995, 49Mb)
Sushi: info  Preprocessed 3 documents with 10 aliases.                                               (00:00.038 / 00:01.033, 49Mb)
Sushi: info  Imported 0 definitions and 0 instances.                                                 (00:00.000 / 00:01.034, 49Mb)
Sushi: info  Loaded virtual package sushi-r5forR4#1.0.0 with 7 resources                             (00:00.103 / 00:01.138, 49Mb)
Sushi: info  Resolved hl7.fhir.uv.tools.r4#latest to concrete version 0.3.0                          (00:00.702 / 00:01.840, 49Mb)
Sushi: info  Attempting to download hl7.fhir.uv.tools.r4#0.3.0 from https://packages.fhir.org/hl7.fhir.uv.tools.r4/0.3.0 (00:00.000 / 00:01.841, 49Mb)
Sushi: info  Downloaded hl7.fhir.uv.tools.r4#0.3.0                                                   (00:00.612 / 00:02.454, 49Mb)
Sushi: info  Cached hl7.fhir.uv.tools.r4#0.3.0 to /home/publisher/.fhir/packages/hl7.fhir.uv.tools.r4#0.3.0 (00:00.001 / 00:02.456, 49Mb)
Sushi: info  Loaded hl7.fhir.uv.tools.r4#0.3.0 with 75 resources                                     (00:00.043 / 00:02.499, 49Mb)
Sushi: info  Resolved hl7.terminology.r4#latest to concrete version 6.2.0                            (00:00.171 / 00:02.671, 49Mb)
Sushi: info  Attempting to download hl7.terminology.r4#6.2.0 from https://packages.fhir.org/hl7.terminology.r4/6.2.0 (00:00.000 / 00:02.672, 49Mb)
Sushi: info  Downloaded hl7.terminology.r4#6.2.0                                                     (00:01.415 / 00:04.088, 49Mb)
Sushi: info  Cached hl7.terminology.r4#6.2.0 to /home/publisher/.fhir/packages/hl7.terminology.r4#6.2.0 (00:00.001 / 00:04.089, 49Mb)
Sushi: info  Loaded hl7.terminology.r4#6.2.0 with 4323 resources                                     (00:01.044 / 00:05.133, 49Mb)
Sushi: info  Resolved hl7.fhir.uv.extensions.r4#latest to concrete version 5.1.0                     (00:00.160 / 00:05.293, 49Mb)
Sushi: info  Attempting to download hl7.fhir.uv.extensions.r4#5.1.0 from https://packages.fhir.org/hl7.fhir.uv.extensions.r4/5.1.0 (00:00.000 / 00:05.294, 49Mb)
Sushi: info  Downloaded hl7.fhir.uv.extensions.r4#5.1.0                                              (00:00.616 / 00:05.910, 49Mb)
Sushi: info  Cached hl7.fhir.uv.extensions.r4#5.1.0 to /home/publisher/.fhir/packages/hl7.fhir.uv.extensions.r4#5.1.0 (00:00.001 / 00:05.911, 49Mb)
Sushi: info  Loaded hl7.fhir.uv.extensions.r4#5.1.0 with 1397 resources                              (00:00.370 / 00:06.282, 49Mb)
Sushi: info  Attempting to download smart.who.int.base#0.1.0 from https://packages.fhir.org/smart.who.int.base/0.1.0 (00:00.000 / 00:06.283, 49Mb)
Sushi: info  Downloaded smart.who.int.base#0.1.0                                                     (00:00.176 / 00:06.459, 49Mb)
Sushi: info  Cached smart.who.int.base#0.1.0 to /home/publisher/.fhir/packages/smart.who.int.base#0.1.0 (00:00.000 / 00:06.460, 49Mb)
Sushi: info  Loaded smart.who.int.base#0.1.0 with 17 resources                                       (00:00.013 / 00:06.473, 49Mb)
Sushi: info  Attempting to download hl7.fhir.r4.core#4.0.1 from https://packages.fhir.org/hl7.fhir.r4.core/4.0.1 (00:00.000 / 00:06.474, 49Mb)
Sushi: info  Downloaded hl7.fhir.r4.core#4.0.1                                                       (00:01.388 / 00:07.863, 49Mb)
Sushi: info  Cached hl7.fhir.r4.core#4.0.1 to /home/publisher/.fhir/packages/hl7.fhir.r4.core#4.0.1  (00:00.001 / 00:07.864, 49Mb)
Sushi: info  Loaded hl7.fhir.r4.core#4.0.1 with 4581 resources                                       (00:00.929 / 00:08.794, 49Mb)
Sushi: info  Found 1 non-JSON / non-XML file(s) in directory: /workspace/temp/smart.who.int.dak-immz#1.0.0/input/examples. Only resource files with JSON or XML extensions are supported. To see the skipped files in the logs, use debug logging. (00:00.007 / 00:08.801, 49Mb)
Sushi: info  Found 1 non-JSON / non-XML file(s) in directory: /workspace/temp/smart.who.int.dak-immz#1.0.0/input/extensions. Only resource files with JSON or XML extensions are supported. To see the skipped files in the logs, use debug logging. (00:00.002 / 00:08.804, 49Mb)
Sushi: info  Found 1 non-JSON / non-XML file(s) in directory: /workspace/temp/smart.who.int.dak-immz#1.0.0/input/models. Only resource files with JSON or XML extensions are supported. To see the skipped files in the logs, use debug logging. (00:00.002 / 00:08.806, 49Mb)
Sushi: info  Found 1 non-JSON / non-XML file(s) in directory: /workspace/temp/smart.who.int.dak-immz#1.0.0/input/profiles. Only resource files with JSON or XML extensions are supported. To see the skipped files in the logs, use debug logging. (00:00.001 / 00:08.808, 49Mb)
Sushi: info  Found 1 non-JSON / non-XML file(s) in directory: /workspace/temp/smart.who.int.dak-immz#1.0.0/input/resources. Only resource files with JSON or XML extensions are supported. To see the skipped files in the logs, use debug logging. (00:00.002 / 00:08.810, 49Mb)
Sushi: info  Found 1 non-JSON / non-XML file(s) in directory: /workspace/temp/smart.who.int.dak-immz#1.0.0/input/vocabulary. Only resource files with JSON or XML extensions are supported. To see the skipped files in the logs, use debug logging. (00:00.001 / 00:08.812, 49Mb)
Sushi: info  Loaded virtual package sushi-local#LOCAL with 0 resources                               (00:00.001 / 00:08.813, 49Mb)
Sushi: info  Converting FSH to FHIR resources...                                                     (00:00.008 / 00:08.822, 49Mb)
Sushi: info  Exporting FHIR resources as JSON...                                                     (00:00.003 / 00:08.826, 49Mb)
Sushi: info  Exported 0 FHIR resources as JSON.                                                      (00:00.002 / 00:08.828, 49Mb)
Sushi: info  Assembling Implementation Guide sources...                                              (00:00.001 / 00:08.830, 49Mb)
Sushi: info  Generated ImplementationGuide-smart.who.int.dak-immz.json                               (00:00.031 / 00:08.861, 49Mb)
Sushi: info  Assembled Implementation Guide sources; ready for IG Publisher.                         (00:00.001 / 00:08.862, 49Mb)
Sushi: ========================= SUSHI RESULTS ===========================                           (00:00.000 / 00:08.863, 49Mb)
Sushi: |  -------------------------------------------------------------  |                           (00:00.000 / 00:08.864, 49Mb)
Sushi: | |    Profiles   |  Extensions  |   Logicals   |   Resources   | |                           (00:00.000 / 00:08.865, 49Mb)
Sushi: | |-------------------------------------------------------------| |                           (00:00.000 / 00:08.866, 49Mb)
Sushi: | |       0       |      0       |      0       |       0       | |                           (00:00.000 / 00:08.867, 49Mb)
Sushi: |  -------------------------------------------------------------  |                           (00:00.000 / 00:08.867, 49Mb)
Sushi: |  -------------------------------------------------------------  |                           (00:00.000 / 00:08.868, 49Mb)
Sushi: | |      ValueSets     |    CodeSystems    |     Instances      | |                           (00:00.000 / 00:08.869, 49Mb)
Sushi: | |-------------------------------------------------------------| |                           (00:00.000 / 00:08.869, 49Mb)
Sushi: | |         0          |         0         |         0          | |                           (00:00.000 / 00:08.870, 49Mb)
Sushi: |  -------------------------------------------------------------  |                           (00:00.000 / 00:08.871, 49Mb)
Sushi: |                                                                 |                           (00:00.000 / 00:08.872, 49Mb)
Sushi: ===================================================================                           (00:00.000 / 00:08.873, 49Mb)
Sushi: | Tank you very much!                    0 Errors      0 Warnings |                           (00:00.000 / 00:08.874, 49Mb)
Sushi: ===================================================================                           (00:00.000 / 00:08.874, 49Mb)
Unable to load IG as an r5 IG - try R4 (property code is a class com.google.gson.JsonPrimitive looking for an object) (00:00.488 / 00:09.363, 18Mb)
Load Template from who.template.root#current                                                         (00:00.481 / 00:09.844, 37Mb)
Installing who.template.root#current to the package cache
  Fetching:

Installing who.template.root#current
 done.
 Load Template from fhir.base.template#current                                                       (00:01.782 / 00:11.626, 33Mb)
Installing fhir.base.template#current to the package cache
  Fetching:

Installing fhir.base.template#current
 done.
Root directory: /workspace/temp/smart.who.int.dak-immz#1.0.0                                         (00:03.863 / 00:15.489, 101Mb)
Terminology Cache is at /workspace/temp/smart.who.int.dak-immz#1.0.0/input-cache/txcache. Clearing now (00:00.602 / 00:16.092, 88Mb)
Core Package hl7.fhir.r4.core#4.0.1
Running Terminology Log: /tmp/ohfu-fhir-ig-12602573749962511012.log
Connect to Terminology Server at http://tx.fhir.org                                                  (00:09.633 / 00:25.726, 426Mb)
Installing hl7.fhir.pubpack#0.2.1 to the package cache
  Fetching:

Installing hl7.fhir.pubpack#0.2.1
 done.
Load Package hl7.fhir.pubpack#0.2.1
Installing hl7.fhir.xver-extensions#0.1.0 to the package cache
  Fetching:

Installing hl7.fhir.xver-extensions#0.1.0
 done.
Load Package hl7.fhir.xver-extensions#0.1.0
Load Package hl7.terminology.r4#6.2.0
Load Package hl7.fhir.uv.extensions.r4#5.1.0
Installing hl7.terminology#5.5.0 to the package cache
  Fetching:

Installing hl7.terminology#5.5.0
 done.
Installing hl7.fhir.uv.extensions.r4#1.0.0 to the package cache
  Fetching:

Installing hl7.fhir.uv.extensions.r4#1.0.0
 done.
Load Package hl7.fhir.uv.extensions.r4#1.0.0
Load Package hl7.terminology#5.5.0
Installing hl7.fhir.uv.cql#1.0.0 to the package cache
  Fetching:

Installing hl7.fhir.uv.cql#1.0.0
 done.
Load Package hl7.fhir.uv.cql#1.0.0
Installing hl7.fhir.uv.crmi#1.0.0 to the package cache
  Fetching:

Installing hl7.fhir.uv.crmi#1.0.0
 done.
Load Package hl7.fhir.uv.crmi#1.0.0
Installing hl7.fhir.uv.sdc#3.0.0 to the package cache
  Fetching:

Installing hl7.fhir.uv.sdc#3.0.0
 done.
Ignore Dependency on Core FHIR hl7.fhir.r4.examples#4.0.1, from package 'hl7.fhir.uv.sdc#3.0.0'      (00:12.405 / 00:38.131, 616Mb)
Load Package hl7.fhir.uv.sdc#3.0.0
Load Package smart.who.int.base#0.1.0
Load Package hl7.fhir.uv.tools.r4#0.3.0
Load R5 Specials
Installing hl7.fhir.r5.core#5.0.0 to the package cache
  Fetching:

Installing hl7.fhir.r5.core#5.0.0
 done.
Initialization complete                                                                              (00:02.795 / 00:40.926, 486Mb)
Load Content                                                                                         (00:00.000 / 00:40.927, 486Mb)
Using en-US as the default narrative language. (no language information in Implementation Guide or command line) (00:00.067 / 00:40.994, 492Mb)
loadPrePages from FetchedFile[/workspace/temp/smart.who.int.dak-immz#1.0.0/fsh-generated/includes] as /workspace/temp/smart.who.int.dak-immz#1.0.0/fsh-generated/includes
loadPrePages from FetchedFile[/workspace/temp/smart.who.int.dak-immz#1.0.0/input/data] as /workspace/temp/smart.who.int.dak-immz#1.0.0/input/data
loadPrePages from FetchedFile[/workspace/temp/smart.who.int.dak-immz#1.0.0/input/pagecontent] as /workspace/temp/smart.who.int.dak-immz#1.0.0/input/pagecontent
Fetch http://smart.who.int/dak-immz/package-list.json for version check                              (00:00.111 / 00:41.105, 496Mb)
Checking Language                                                                                    (00:00.313 / 00:41.419, 498Mb)
Processing Conformance Resources                                                                     (00:00.000 / 00:41.420, 498Mb)
Load Dependency Info                                                                                 (00:00.001 / 00:41.421, 498Mb)
Load Info                                                                                            (00:00.001 / 00:41.422, 498Mb)
Load Resources                                                                                       (00:00.001 / 00:41.423, 499Mb)
Load Paths                                                                                           (00:00.052 / 00:41.475, 504Mb)
Generating Snapshots                                                                                 (00:00.001 / 00:41.477, 504Mb)
Check R4 / R4B                                                                                       (00:00.006 / 00:41.483, 504Mb)
Assign Comparison Ids                                                                                (00:00.006 / 00:41.490, 505Mb)
Propagating status                                                                                   (00:00.001 / 00:41.491, 505Mb)
Generating Narratives                                                                                (00:00.000 / 00:41.491, 505Mb)
Validating Conformance Resources                                                                     (00:00.516 / 00:42.008, 517Mb)
Check profiles & code systems                                                                        (00:01.704 / 00:43.713, 706Mb)
Check realm rules                                                                                    (00:00.000 / 00:43.714, 706Mb)
Previous Version Comparison                                                                          (00:00.000 / 00:43.714, 706Mb)
Installing smart.who.int.dak-immz#0.9.9 to the package cache
  Fetching:

Installing smart.who.int.dak-immz#0.9.9
 done.
Installing hl7.terminology.r4#6.1.0 to the package cache
  Fetching:

Installing hl7.terminology.r4#6.1.0
 done.
Installing hl7.fhir.r4.examples#4.0.1 to the package cache
  Fetching:

Installing hl7.fhir.r4.examples#4.0.1
 done.
Validating Resources                                                                                 (00:20.095 / 01:03.810, 1Gb)
Processing Provenance Records                                                                        (00:00.000 / 01:03.811, 1Gb)
Generating Outputs in /workspace/temp/smart.who.int.dak-immz#1.0.0/output                            (00:00.000 / 01:03.812, 1Gb)
Generate Native Outputs                                                                              (00:00.054 / 01:03.866, 1Gb)
Run Template                                                                                         (00:00.090 / 01:03.957, 1Gb)
Generate HTML Outputs                                                                                (00:01.210 / 01:05.167, 1Gb)
Generate Summaries                                                                                   (00:00.068 / 01:05.236, 1Gb)
Generating Summary Outputs                                                                           (00:00.000 / 01:05.237, 1Gb)
DB Cumulative Time invested: 00:00:00.46
Sending Usage Stats to Server                                                                        (00:09.473 / 01:14.710, 1Gb)
## Memory (MB): Use = 1908, Free = 296, Total = 2204, Max = 4096                                     (00:00.005 / 01:14.715, 1Gb)
Reclaiming memory...                                                                                 (00:00.000 / 01:14.716, 1Gb)
## Memory (MB): Use = 1121, Free = 1082, Total = 2204, Max = 4096                                    (00:00.582 / 01:15.299, 1Gb)
Run jekyll: jekyll build --destination "/workspace/temp/smart.who.int.dak-immz#1.0.0/output" (in folder /workspace/temp/smart.who.int.dak-immz#1.0.0/temp/pages) (00:00.002 / 01:15.301, 1Gb)
Troubleshooting Note: usual cases for Jekyll to fail are:                                            (00:00.001 / 01:15.302, 1Gb)
* A failure to produce a fragment that is already logged in the output above                         (00:00.000 / 01:15.303, 1Gb)
* A reference to a manually edited file that hasn't been provided                                    (00:00.000 / 01:15.303, 1Gb)
Jekyll: Source: /workspace/temp/smart.who.int.dak-immz#1.0.0/temp/pages                              (00:00.371 / 01:15.675, 1Gb)
Jekyll: Generating...                                                                                (00:00.000 / 01:15.676, 1Gb)
Jekyll: done in 0.56 seconds.                                                                        (00:00.558 / 01:16.235, 1Gb)

Installing smart.who.int.dak-immz#1.0.0
 done.
Checking Output HTML                                                                                 (00:00.800 / 01:17.036, 1Gb)
found 587 files                                                                                      (00:00.004 / 01:17.040, 1Gb)
.........................................
.........................................
  ... 587 html files, 0 pages invalid xhtml (0%)                                                     (00:00.870 / 01:17.911, 1Gb)
  ... 1751 links, 0 broken links (0%)                                                                (00:00.001 / 01:17.912, 1Gb)
Generate fragment-usage-analysis.csv                                                                 (00:00.000 / 01:17.913, 1Gb)
Build final .zip                                                                                     (00:00.008 / 01:17.921, 1Gb)
Final .zip built                                                                                     (00:00.967 / 01:18.888, 1Gb)
Built. Times: loading: 00:00.491, generate: 00:41.110, narrative generation: 00:00.515, validation: 00:01.703, realm-rules: 00:00.000, previous-version: 00:20.089, jekyll: 00:00.942, template: 00:01.219 (#3) (00:03.648 / 01:22.537, 1Gb)
Generating QA                                                                                        (00:00.001 / 01:22.538, 1Gb)
Validation output in /workspace/temp/smart.who.int.dak-immz#1.0.0/output/qa.html
Errors: 1, Warnings: 5, Info: 0, Broken Links: 0 (00:00.094 / 01:22.632, 1Gb)
Finished. Max Memory Used = 1Gb. Log file saved in /tmp/fhir-ig-publisher-tmp.log                    (00:00.001 / 01:22.634, 1Gb)
Prepare Build space in /workspace/temp/smart.who.int.dak-immz#1.0.0-milestone
Build IG at /workspace/source: final copy suitable for publication (in /workspace/temp/smart.who.int.dak-immz#1.0.0-milestone) (milestone build)
FHIR IG Publisher Version 1.8.10 (Git# dc36d776e982). Built 2025-01-30T20:00:09.932Z (69 hours old) 
Detected Java version: 23-ea from /usr/local/openjdk-23 on Linux/amd64 (64bit). 4096MB available    
dir = /workspace, path = /home/publisher/bin:/home/publisher/bin/ig-publisher-scripts:/home/publisher/.node/bin:/usr/local/openjdk-23/bin:/usr/local/sbin:/usr/local/bin:/usr/sbin:/usr/bin:/sbin:/bin
Parameters: -ig /workspace/temp/smart.who.int.dak-immz#1.0.0-milestone -publish http://smart.who.int/dak-immz/v1.0.0 -milestone -no-exit
Start Clock @ Sunday, February 2, 2025, 5:48:45 PM Coordinated Universal Time (2025-02-02T17:48:45Z)
                                                                                                    
Build FHIR IG from /workspace/temp/smart.who.int.dak-immz#1.0.0-milestone                            (00:00.002 / 00:00.002, 1Gb)
Build Formal Publication package, intended for http://smart.who.int/dak-immz/v1.0.0                  (00:00.000 / 00:00.002, 1Gb)
API keys loaded from /home/publisher/.fhir/fhir-settings.json                                        (00:00.000 / 00:00.003, 1Gb)
Package Cache: /home/publisher/.fhir/packages                                                        (00:00.000 / 00:00.004, 1Gb)
Run Sushi on /workspace/temp/smart.who.int.dak-immz#1.0.0-milestone                                  (00:00.000 / 00:00.004, 1Gb)
Sushi: info  Running SUSHI v3.14.0 (implements FHIR Shorthand specification v3.0.0)                  (00:00.421 / 00:00.426, 1Gb)
Sushi: info  Arguments:                                                                              (00:00.001 / 00:00.427, 1Gb)
Sushi: info    --require-latest                                                                      (00:00.000 / 00:00.428, 1Gb)
Sushi: info    --out /workspace/temp/smart.who.int.dak-immz#1.0.0-milestone                          (00:00.000 / 00:00.429, 1Gb)
Sushi: info    /workspace/temp/smart.who.int.dak-immz#1.0.0-milestone                                (00:00.000 / 00:00.429, 1Gb)
Sushi: info  Using configuration file: /workspace/temp/smart.who.int.dak-immz#1.0.0-milestone/sushi-config.yaml (00:00.398 / 00:00.828, 1Gb)
Sushi: info  Importing FSH text...                                                                   (00:00.111 / 00:00.940, 1Gb)
Sushi: info  Preprocessed 3 documents with 10 aliases.                                               (00:00.037 / 00:00.978, 1Gb)
Sushi: info  Imported 0 definitions and 0 instances.                                                 (00:00.000 / 00:00.979, 1Gb)
Sushi: info  Loaded virtual package sushi-r5forR4#1.0.0 with 7 resources                             (00:00.122 / 00:01.101, 1Gb)
Sushi: info  Resolved hl7.fhir.uv.tools.r4#latest to concrete version 0.3.0                          (00:00.686 / 00:01.787, 1Gb)
Sushi: info  Loaded hl7.fhir.uv.tools.r4#0.3.0 with 75 resources                                     (00:00.042 / 00:01.830, 1Gb)
Sushi: info  Resolved hl7.terminology.r4#latest to concrete version 6.2.0                            (00:00.160 / 00:01.990, 1Gb)
Sushi: info  Loaded hl7.terminology.r4#6.2.0 with 4323 resources                                     (00:01.081 / 00:03.072, 1Gb)
Sushi: info  Resolved hl7.fhir.uv.extensions.r4#latest to concrete version 5.1.0                     (00:00.161 / 00:03.233, 1Gb)
Sushi: info  Loaded hl7.fhir.uv.extensions.r4#5.1.0 with 1397 resources                              (00:00.370 / 00:03.604, 1Gb)
Sushi: info  Loaded smart.who.int.base#0.1.0 with 17 resources                                       (00:00.012 / 00:03.617, 1Gb)
Sushi: info  Loaded hl7.fhir.r4.core#4.0.1 with 4581 resources                                       (00:00.926 / 00:04.544, 1Gb)
Sushi: info  Found 1 non-JSON / non-XML file(s) in directory: /workspace/temp/smart.who.int.dak-immz#1.0.0-milestone/input/examples. Only resource files with JSON or XML extensions are supported. To see the skipped files in the logs, use debug logging. (00:00.009 / 00:04.553, 1Gb)
Sushi: info  Found 1 non-JSON / non-XML file(s) in directory: /workspace/temp/smart.who.int.dak-immz#1.0.0-milestone/input/extensions. Only resource files with JSON or XML extensions are supported. To see the skipped files in the logs, use debug logging. (00:00.001 / 00:04.555, 1Gb)
Sushi: info  Found 1 non-JSON / non-XML file(s) in directory: /workspace/temp/smart.who.int.dak-immz#1.0.0-milestone/input/models. Only resource files with JSON or XML extensions are supported. To see the skipped files in the logs, use debug logging. (00:00.001 / 00:04.557, 1Gb)
Sushi: info  Found 1 non-JSON / non-XML file(s) in directory: /workspace/temp/smart.who.int.dak-immz#1.0.0-milestone/input/profiles. Only resource files with JSON or XML extensions are supported. To see the skipped files in the logs, use debug logging. (00:00.001 / 00:04.558, 1Gb)
Sushi: info  Found 1 non-JSON / non-XML file(s) in directory: /workspace/temp/smart.who.int.dak-immz#1.0.0-milestone/input/resources. Only resource files with JSON or XML extensions are supported. To see the skipped files in the logs, use debug logging. (00:00.001 / 00:04.560, 1Gb)
Sushi: info  Found 1 non-JSON / non-XML file(s) in directory: /workspace/temp/smart.who.int.dak-immz#1.0.0-milestone/input/vocabulary. Only resource files with JSON or XML extensions are supported. To see the skipped files in the logs, use debug logging. (00:00.001 / 00:04.561, 1Gb)
Sushi: info  Loaded virtual package sushi-local#LOCAL with 0 resources                               (00:00.001 / 00:04.563, 1Gb)
Sushi: info  Converting FSH to FHIR resources...                                                     (00:00.011 / 00:04.574, 1Gb)
Sushi: info  Exporting FHIR resources as JSON...                                                     (00:00.003 / 00:04.578, 1Gb)
Sushi: info  Exported 0 FHIR resources as JSON.                                                      (00:00.002 / 00:04.580, 1Gb)
Sushi: info  Assembling Implementation Guide sources...                                              (00:00.001 / 00:04.581, 1Gb)
Sushi: info  Generated ImplementationGuide-smart.who.int.dak-immz.json                               (00:00.028 / 00:04.610, 1Gb)
Sushi: info  Assembled Implementation Guide sources; ready for IG Publisher.                         (00:00.000 / 00:04.611, 1Gb)
Sushi: ========================= SUSHI RESULTS ===========================                           (00:00.000 / 00:04.612, 1Gb)
Sushi: |  -------------------------------------------------------------  |                           (00:00.000 / 00:04.612, 1Gb)
Sushi: | |    Profiles   |  Extensions  |   Logicals   |   Resources   | |                           (00:00.000 / 00:04.613, 1Gb)
Sushi: | |-------------------------------------------------------------| |                           (00:00.000 / 00:04.614, 1Gb)
Sushi: | |       0       |      0       |      0       |       0       | |                           (00:00.000 / 00:04.614, 1Gb)
Sushi: |  -------------------------------------------------------------  |                           (00:00.000 / 00:04.615, 1Gb)
Sushi: |  -------------------------------------------------------------  |                           (00:00.000 / 00:04.615, 1Gb)
Sushi: | |      ValueSets     |    CodeSystems    |     Instances      | |                           (00:00.000 / 00:04.616, 1Gb)
Sushi: | |-------------------------------------------------------------| |                           (00:00.000 / 00:04.617, 1Gb)
Sushi: | |         0          |         0         |         0          | |                           (00:00.000 / 00:04.617, 1Gb)
Sushi: |  -------------------------------------------------------------  |                           (00:00.000 / 00:04.618, 1Gb)
Sushi: |                                                                 |                           (00:00.000 / 00:04.618, 1Gb)
Sushi: ===================================================================                           (00:00.000 / 00:04.619, 1Gb)
Sushi: | Why pun? Just for for the halibut.     0 Errors      0 Warnings |                           (00:00.000 / 00:04.619, 1Gb)
Sushi: ===================================================================                           (00:00.000 / 00:04.620, 1Gb)
Unable to load IG as an r5 IG - try R4 (property code is a class com.google.gson.JsonPrimitive looking for an object) (00:00.012 / 00:04.632, 1Gb)
Load Template from who.template.root#current                                                         (00:00.021 / 00:04.654, 1Gb)
 Load Template from fhir.base.template#current                                                       (00:00.794 / 00:05.449, 1Gb)
Root directory: /workspace/temp/smart.who.int.dak-immz#1.0.0-milestone                               (00:01.765 / 00:07.214, 1Gb)
Terminology Cache is at /workspace/temp/smart.who.int.dak-immz#1.0.0-milestone/input-cache/txcache. 5 files in cache (00:00.451 / 00:07.666, 1Gb)
Core Package hl7.fhir.r4.core#4.0.1
Running Terminology Log: /tmp/ohfu-fhir-ig-350771645925575806.log
Connect to Terminology Server at http://tx.fhir.org                                                  (00:01.327 / 00:08.994, 1Gb)
Load Package hl7.fhir.pubpack#0.2.1
Load Package hl7.fhir.xver-extensions#0.1.0
Load Package hl7.terminology.r4#6.2.0
Load Package hl7.fhir.uv.extensions.r4#5.1.0
Load Package hl7.fhir.uv.extensions.r4#1.0.0
Load Package hl7.terminology#5.5.0
Load Package hl7.fhir.uv.cql#1.0.0
Load Package hl7.fhir.uv.crmi#1.0.0
Ignore Dependency on Core FHIR hl7.fhir.r4.examples#4.0.1, from package 'hl7.fhir.uv.sdc#3.0.0'      (00:05.093 / 00:14.088, 1Gb)
Load Package hl7.fhir.uv.sdc#3.0.0
Load Package smart.who.int.base#0.1.0
Load Package hl7.fhir.uv.tools.r4#0.3.0
Load R5 Specials
Initialization complete                                                                              (00:00.816 / 00:14.905, 1Gb)
Load Content                                                                                         (00:00.001 / 00:14.905, 1Gb)
Using en-US as the default narrative language. (no language information in Implementation Guide or command line) (00:00.017 / 00:14.923, 1Gb)
loadPrePages from FetchedFile[/workspace/temp/smart.who.int.dak-immz#1.0.0-milestone/fsh-generated/includes] as /workspace/temp/smart.who.int.dak-immz#1.0.0-milestone/fsh-generated/includes
loadPrePages from FetchedFile[/workspace/temp/smart.who.int.dak-immz#1.0.0-milestone/input/data] as /workspace/temp/smart.who.int.dak-immz#1.0.0-milestone/input/data
loadPrePages from FetchedFile[/workspace/temp/smart.who.int.dak-immz#1.0.0-milestone/input/pagecontent] as /workspace/temp/smart.who.int.dak-immz#1.0.0-milestone/input/pagecontent
Fetch http://smart.who.int/dak-immz/package-list.json for version check                              (00:00.043 / 00:14.967, 1Gb)
Checking Language                                                                                    (00:00.018 / 00:14.985, 1Gb)
Processing Conformance Resources                                                                     (00:00.001 / 00:14.986, 1Gb)
Load Dependency Info                                                                                 (00:00.000 / 00:14.987, 1Gb)
Load Info                                                                                            (00:00.000 / 00:14.988, 1Gb)
Load Resources                                                                                       (00:00.001 / 00:14.989, 1Gb)
Load Paths                                                                                           (00:00.035 / 00:15.025, 842Mb)
Generating Snapshots                                                                                 (00:00.001 / 00:15.026, 842Mb)
Check R4 / R4B                                                                                       (00:00.001 / 00:15.028, 842Mb)
Assign Comparison Ids                                                                                (00:00.004 / 00:15.032, 842Mb)
Propagating status                                                                                   (00:00.000 / 00:15.033, 842Mb)
Generating Narratives                                                                                (00:00.000 / 00:15.034, 842Mb)
Validating Conformance Resources                                                                     (00:00.322 / 00:15.356, 849Mb)
Check profiles & code systems                                                                        (00:01.090 / 00:16.446, 1Gb)
Check realm rules                                                                                    (00:00.000 / 00:16.446, 1Gb)
Previous Version Comparison                                                                          (00:00.000 / 00:16.447, 1Gb)
Validating Resources                                                                                 (00:07.080 / 00:23.528, 1Gb)
Processing Provenance Records                                                                        (00:00.001 / 00:23.529, 1Gb)
Generating Outputs in /workspace/temp/smart.who.int.dak-immz#1.0.0-milestone/output                  (00:00.000 / 00:23.530, 1Gb)
Generate Native Outputs                                                                              (00:00.071 / 00:23.601, 1Gb)
Run Template                                                                                         (00:00.054 / 00:23.656, 1Gb)
Generate HTML Outputs                                                                                (00:00.961 / 00:24.617, 1Gb)
Generate Summaries                                                                                   (00:00.042 / 00:24.659, 1Gb)
Generating Summary Outputs                                                                           (00:00.000 / 00:24.660, 1Gb)
DB Cumulative Time invested: 00:00:00.56
Sending Usage Stats to Server                                                                        (00:09.071 / 00:33.731, 2Gb)
## Memory (MB): Use = 2205, Free = 264, Total = 2470, Max = 4096                                     (00:00.001 / 00:33.733, 2Gb)
Reclaiming memory...                                                                                 (00:00.001 / 00:33.734, 2Gb)
## Memory (MB): Use = 1122, Free = 1347, Total = 2470, Max = 4096                                    (00:00.518 / 00:34.252, 1Gb)
Run jekyll: jekyll build --destination "/workspace/temp/smart.who.int.dak-immz#1.0.0-milestone/output" (in folder /workspace/temp/smart.who.int.dak-immz#1.0.0-milestone/temp/pages) (00:00.002 / 00:34.254, 1Gb)
Troubleshooting Note: usual cases for Jekyll to fail are:                                            (00:00.001 / 00:34.256, 1Gb)
* A failure to produce a fragment that is already logged in the output above                         (00:00.001 / 00:34.257, 1Gb)
* A reference to a manually edited file that hasn't been provided                                    (00:00.000 / 00:34.258, 1Gb)
Jekyll: Source: /workspace/temp/smart.who.int.dak-immz#1.0.0-milestone/temp/pages                    (00:00.353 / 00:34.611, 1Gb)
Jekyll: Generating...                                                                                (00:00.000 / 00:34.612, 1Gb)
Jekyll: done in 0.565 seconds.                                                                       (00:00.564 / 00:35.176, 1Gb)

Installing smart.who.int.dak-immz#1.0.0
Checking Output HTML                                                                                 (00:00.089 / 00:35.266, 1Gb)
found 587 files                                                                                      (00:00.004 / 00:35.270, 1Gb)
.........................................
.........................................
  ... 587 html files, 0 pages invalid xhtml (0%)                                                     (00:00.382 / 00:35.653, 1Gb)
  ... 1751 links, 0 broken links (0%)                                                                (00:00.001 / 00:35.654, 1Gb)
Generate fragment-usage-analysis.csv                                                                 (00:00.000 / 00:35.655, 1Gb)
Build final .zip                                                                                     (00:00.008 / 00:35.663, 1Gb)
Final .zip built                                                                                     (00:00.942 / 00:36.605, 1Gb)
Built. Times: loading: 00:00.079, generate: 00:24.782, narrative generation: 00:00.321, validation: 00:01.089, realm-rules: 00:00.000, previous-version: 00:07.077, jekyll: 00:00.929, template: 00:00.966 (#3) (00:03.163 / 00:39.769, 1Gb)
Generating QA                                                                                        (00:00.001 / 00:39.770, 1Gb)
Validation output in /workspace/temp/smart.who.int.dak-immz#1.0.0-milestone/output/qa.html
Errors: 1, Warnings: 5, Info: 0, Broken Links: 0 (00:00.055 / 00:39.825, 1Gb)
Finished. Max Memory Used = 2Gb. Log file saved in /tmp/fhir-ig-publisher-tmp.log                    (00:00.002 / 00:39.828, 1Gb)
Keep a copy of the build directory at /workspace/temp/web-root/run-20250202/ig-build-zips/smart.who.int.dak-immz#1.0.0.zip

ok. All checks passed. Publish v1.0.0 to /workspace/temp/web-root/run-20250202/dak-immz/v1.0.0
Copy the IG to /workspace/temp/web-root/run-20250202/dak-immz/v1.0.0
Update /workspace/temp/web-root/run-20250202/dak-immz/package-list.json
Publish Box Statement: This page is part of the SMART DAK IMMZ (v1.0.0: Release) based on <a no-external="true" href="http://hl7.org/fhir/R4">FHIR (HL7® FHIR® Standard) R4</a>. This is the current published version in its permanent home (it will always be available at this URL).  For a full list of available versions, see the <a no-external="true" href="http://smart.who.int/dak-immz/history.html">Directory of published versions</a>
no html insert in /workspace/temp/web-root/run-20250202/dak-immz/v1.0.0/qa-txservers.html
  .. 34 files checked, 34 updated
  .. 9 clones checked, 18 updated
  .. 1 redirections (1 created/updated)
This is a milestone release - publish v1.0.0 to /workspace/temp/web-root/run-20250202/dak-immz
Publish Box Statement: This page is part of the SMART DAK IMMZ (v1.0.0: Release) based on <a no-external="true" href="http://hl7.org/fhir/R4">FHIR (HL7® FHIR® Standard) R4</a>. This is the current published version.  For a full list of available versions, see the <a no-external="true" href="http://smart.who.int/dak-immz/history.html">Directory of published versions</a>
no html insert in /workspace/temp/smart.who.int.dak-immz#1.0.0-milestone/output/qa-txservers.html
  .. 34 files checked, 34 updated
  .. 9 clones checked, 18 updated
  .. 1 redirections (1 created/updated)
Check for Files to delete
  ... 0 files
Copy to new IG to /workspace/temp/web-root/run-20250202/dak-immz
[Fatal Error] :1:1: Content is not allowed in prolog.
Unable to process RSS feed /workspace/temp/web-root/run-20250202/publication-feed.xml as XML - processing as text instead (Content is not allowed in prolog.)
smart.who.int.dak-immz (http://smart.who.int/dak-immz): SMART DAK IMMZ @ http://worldhealthorganization.github.io/smart-dak-immz
  release: Releases 1.0.0/4.0.1 @ http://smart.who.int/dak-immz/v1.0.0
Build is complete. Copy from /workspace/temp/web-root/run-20250202
Update history page at /workspace/temp/web-root/run-20250202/dak-immz from /workspace/history-template and /workspace/webroot/templates
